# JRE version: OpenJDK Runtime Environment (11.0.13) (build 11.0.13+0-b1751.21-8125866)
# Java VM: OpenJDK 64-Bit Server VM (11.0.13+0-b1751.21-8125866, mixed mode, tiered, compressed oops, g1 gc, windows-amd64)
Heap:
 garbage-first heap   total 225280K, used 145152K [0x0000000080000000, 0x0000000100000000)
  region size 1024K, 32 young (32768K), 2 survivors (2048K)
 Metaspace       used 113140K, capacity 115707K, committed 115932K, reserved 1150976K
  class space    used 13994K, capacity 14910K, committed 15008K, reserved 1048576K
GC Heap History (20 events):
Event: 32.556 GC heap before
{Heap before GC invocations=24 (full 0):
 garbage-first heap   total 187392K, used 164864K [0x0000000080000000, 0x0000000100000000)
  region size 1024K, 43 young (44032K), 8 survivors (8192K)
 Metaspace       used 96199K, capacity 98299K, committed 98396K, reserved 1134592K
  class space    used 12179K, capacity 13000K, committed 13088K, reserved 1048576K
}
Event: 32.592 GC heap after
{Heap after GC invocations=25 (full 0):
 garbage-first heap   total 225280K, used 111509K [0x0000000080000000, 0x0000000100000000)
  region size 1024K, 4 young (4096K), 4 survivors (4096K)
 Metaspace       used 96199K, capacity 98299K, committed 98396K, reserved 1134592K
  class space    used 12179K, capacity 13000K, committed 13088K, reserved 1048576K
}
Event: 33.893 GC heap before
{Heap before GC invocations=25 (full 0):
 garbage-first heap   total 225280K, used 160661K [0x0000000080000000, 0x0000000100000000)
  region size 1024K, 53 young (54272K), 4 survivors (4096K)
 Metaspace       used 97566K, capacity 99730K, committed 100060K, reserved 1136640K
  class space    used 12315K, capacity 13114K, committed 13216K, reserved 1048576K
}
Event: 33.919 GC heap after
{Heap after GC invocations=26 (full 0):
 garbage-first heap   total 225280K, used 117645K [0x0000000080000000, 0x0000000100000000)
  region size 1024K, 7 young (7168K), 7 survivors (7168K)
 Metaspace       used 97566K, capacity 99730K, committed 100060K, reserved 1136640K
  class space    used 12315K, capacity 13114K, committed 13216K, reserved 1048576K
}
Event: 35.364 GC heap before
{Heap before GC invocations=27 (full 0):
 garbage-first heap   total 225280K, used 155533K [0x0000000080000000, 0x0000000100000000)
  region size 1024K, 56 young (57344K), 7 survivors (7168K)
 Metaspace       used 98959K, capacity 101131K, committed 101212K, reserved 1136640K
  class space    used 12499K, capacity 13316K, committed 13344K, reserved 1048576K
}
Event: 35.395 GC heap after
{Heap after GC invocations=28 (full 0):
 garbage-first heap   total 225280K, used 109167K [0x0000000080000000, 0x0000000100000000)
  region size 1024K, 5 young (5120K), 5 survivors (5120K)
 Metaspace       used 98959K, capacity 101131K, committed 101212K, reserved 1136640K
  class space    used 12499K, capacity 13316K, committed 13344K, reserved 1048576K
}
Event: 35.581 GC heap before
{Heap before GC invocations=28 (full 0):
 garbage-first heap   total 225280K, used 114287K [0x0000000080000000, 0x0000000100000000)
  region size 1024K, 11 young (11264K), 5 survivors (5120K)
 Metaspace       used 99367K, capacity 101579K, committed 101852K, reserved 1138688K
  class space    used 12553K, capacity 13380K, committed 13472K, reserved 1048576K
}
Event: 35.598 GC heap after
{Heap after GC invocations=29 (full 0):
 garbage-first heap   total 225280K, used 102734K [0x0000000080000000, 0x0000000100000000)
  region size 1024K, 1 young (1024K), 1 survivors (1024K)
 Metaspace       used 99367K, capacity 101579K, committed 101852K, reserved 1138688K
  class space    used 12553K, capacity 13380K, committed 13472K, reserved 1048576K
}
Event: 37.038 GC heap before
{Heap before GC invocations=29 (full 0):
 garbage-first heap   total 225280K, used 161102K [0x0000000080000000, 0x0000000100000000)
  region size 1024K, 59 young (60416K), 1 survivors (1024K)
 Metaspace       used 101874K, capacity 104031K, committed 104156K, reserved 1140736K
  class space    used 12834K, capacity 13681K, committed 13728K, reserved 1048576K
}
Event: 37.053 GC heap after
{Heap after GC invocations=30 (full 0):
 garbage-first heap   total 225280K, used 107865K [0x0000000080000000, 0x0000000100000000)
  region size 1024K, 6 young (6144K), 6 survivors (6144K)
 Metaspace       used 101874K, capacity 104031K, committed 104156K, reserved 1140736K
  class space    used 12834K, capacity 13681K, committed 13728K, reserved 1048576K
}
Event: 43.265 GC heap before
{Heap before GC invocations=31 (full 0):
 garbage-first heap   total 225280K, used 166233K [0x0000000080000000, 0x0000000100000000)
  region size 1024K, 64 young (65536K), 6 survivors (6144K)
 Metaspace       used 103024K, capacity 105195K, committed 105308K, reserved 1140736K
  class space    used 12961K, capacity 13789K, committed 13856K, reserved 1048576K
}
Event: 43.286 GC heap after
{Heap after GC invocations=32 (full 0):
 garbage-first heap   total 225280K, used 110138K [0x0000000080000000, 0x0000000100000000)
  region size 1024K, 4 young (4096K), 4 survivors (4096K)
 Metaspace       used 103024K, capacity 105195K, committed 105308K, reserved 1140736K
  class space    used 12961K, capacity 13789K, committed 13856K, reserved 1048576K
}
Event: 43.366 GC heap before
{Heap before GC invocations=32 (full 0):
 garbage-first heap   total 225280K, used 116282K [0x0000000080000000, 0x0000000100000000)
  region size 1024K, 11 young (11264K), 4 survivors (4096K)
 Metaspace       used 103474K, capacity 105643K, committed 105820K, reserved 1140736K
  class space    used 13023K, capacity 13853K, committed 13856K, reserved 1048576K
}
Event: 43.378 GC heap after
{Heap after GC invocations=33 (full 0):
 garbage-first heap   total 225280K, used 107784K [0x0000000080000000, 0x0000000100000000)
  region size 1024K, 1 young (1024K), 1 survivors (1024K)
 Metaspace       used 103474K, capacity 105643K, committed 105820K, reserved 1140736K
  class space    used 13023K, capacity 13853K, committed 13856K, reserved 1048576K
}
Event: 73.820 GC heap before
{Heap before GC invocations=33 (full 0):
 garbage-first heap   total 225280K, used 170248K [0x0000000080000000, 0x0000000100000000)
  region size 1024K, 62 young (63488K), 1 survivors (1024K)
 Metaspace       used 108761K, capacity 111248K, committed 111580K, reserved 1146880K
  class space    used 13723K, capacity 14633K, committed 14752K, reserved 1048576K
}
Event: 73.833 GC heap after
{Heap after GC invocations=34 (full 0):
 garbage-first heap   total 225280K, used 111057K [0x0000000080000000, 0x0000000100000000)
  region size 1024K, 5 young (5120K), 5 survivors (5120K)
 Metaspace       used 108761K, capacity 111248K, committed 111580K, reserved 1146880K
  class space    used 13723K, capacity 14633K, committed 14752K, reserved 1048576K
}
Event: 104.894 GC heap before
{Heap before GC invocations=35 (full 0):
 garbage-first heap   total 225280K, used 172497K [0x0000000080000000, 0x0000000100000000)
  region size 1024K, 66 young (67584K), 5 survivors (5120K)
 Metaspace       used 112855K, capacity 115390K, committed 115676K, reserved 1150976K
  class space    used 13989K, capacity 14900K, committed 15008K, reserved 1048576K
}
Event: 104.927 GC heap after
{Heap after GC invocations=36 (full 0):
 garbage-first heap   total 225280K, used 117394K [0x0000000080000000, 0x0000000100000000)
  region size 1024K, 9 young (9216K), 9 survivors (9216K)
 Metaspace       used 112855K, capacity 115390K, committed 115676K, reserved 1150976K
  class space    used 13989K, capacity 14900K, committed 15008K, reserved 1048576K
}
Event: 104.989 GC heap before
{Heap before GC invocations=36 (full 0):
 garbage-first heap   total 225280K, used 119442K [0x0000000080000000, 0x0000000100000000)
  region size 1024K, 11 young (11264K), 9 survivors (9216K)
 Metaspace       used 112865K, capacity 115390K, committed 115676K, reserved 1150976K
  class space    used 13989K, capacity 14900K, committed 15008K, reserved 1048576K
}
Event: 105.015 GC heap after
{Heap after GC invocations=37 (full 0):
 garbage-first heap   total 225280K, used 116480K [0x0000000080000000, 0x0000000100000000)
  region size 1024K, 2 young (2048K), 2 survivors (2048K)
 Metaspace       used 112865K, capacity 115390K, committed 115676K, reserved 1150976K
  class space    used 13989K, capacity 14900K, committed 15008K, reserved 1048576K
}

