# JRE version: OpenJDK Runtime Environment (11.0.13) (build 11.0.13+0-b1751.21-8125866)
# Java VM: OpenJDK 64-Bit Server VM (11.0.13+0-b1751.21-8125866, mixed mode, tiered, compressed oops, g1 gc, windows-amd64)
Heap:
 garbage-first heap   total 788480K, used 305664K [0x0000000080000000, 0x0000000100000000)
  region size 1024K, 4 young (4096K), 4 survivors (4096K)
 Metaspace       used 101592K, capacity 103906K, committed 104200K, reserved 1140736K
  class space    used 13065K, capacity 13934K, committed 14028K, reserved 1048576K
GC Heap History (20 events):
Event: 32.812 GC heap after
{Heap after GC invocations=29 (full 0):
 garbage-first heap   total 241664K, used 186786K [0x0000000080000000, 0x0000000100000000)
  region size 1024K, 4 young (4096K), 4 survivors (4096K)
 Metaspace       used 99194K, capacity 101463K, committed 101640K, reserved 1138688K
  class space    used 12610K, capacity 13421K, committed 13516K, reserved 1048576K
}
Event: 32.866 GC heap before
{Heap before GC invocations=29 (full 0):
 garbage-first heap   total 241664K, used 192930K [0x0000000080000000, 0x0000000100000000)
  region size 1024K, 11 young (11264K), 4 survivors (4096K)
 Metaspace       used 99195K, capacity 101463K, committed 101640K, reserved 1138688K
  class space    used 12610K, capacity 13421K, committed 13516K, reserved 1048576K
}
Event: 32.893 GC heap after
{Heap after GC invocations=30 (full 0):
 garbage-first heap   total 290816K, used 190425K [0x0000000080000000, 0x0000000100000000)
  region size 1024K, 3 young (3072K), 3 survivors (3072K)
 Metaspace       used 99195K, capacity 101463K, committed 101640K, reserved 1138688K
  class space    used 12610K, capacity 13421K, committed 13516K, reserved 1048576K
}
Event: 33.391 GC heap before
{Heap before GC invocations=30 (full 0):
 garbage-first heap   total 290816K, used 224217K [0x0000000080000000, 0x0000000100000000)
  region size 1024K, 32 young (32768K), 3 survivors (3072K)
 Metaspace       used 99197K, capacity 101463K, committed 101640K, reserved 1138688K
  class space    used 12610K, capacity 13421K, committed 13516K, reserved 1048576K
}
Event: 33.445 GC heap after
{Heap after GC invocations=31 (full 0):
 garbage-first heap   total 290816K, used 207829K [0x0000000080000000, 0x0000000100000000)
  region size 1024K, 4 young (4096K), 4 survivors (4096K)
 Metaspace       used 99197K, capacity 101463K, committed 101640K, reserved 1138688K
  class space    used 12610K, capacity 13421K, committed 13516K, reserved 1048576K
}
Event: 33.648 GC heap before
{Heap before GC invocations=32 (full 0):
 garbage-first heap   total 290816K, used 232405K [0x0000000080000000, 0x0000000100000000)
  region size 1024K, 27 young (27648K), 4 survivors (4096K)
 Metaspace       used 99197K, capacity 101463K, committed 101640K, reserved 1138688K
  class space    used 12610K, capacity 13421K, committed 13516K, reserved 1048576K
}
Event: 33.701 GC heap after
{Heap after GC invocations=33 (full 0):
 garbage-first heap   total 290816K, used 220160K [0x0000000080000000, 0x0000000100000000)
  region size 1024K, 4 young (4096K), 4 survivors (4096K)
 Metaspace       used 99197K, capacity 101463K, committed 101640K, reserved 1138688K
  class space    used 12610K, capacity 13421K, committed 13516K, reserved 1048576K
}
Event: 33.706 GC heap before
{Heap before GC invocations=33 (full 0):
 garbage-first heap   total 290816K, used 220160K [0x0000000080000000, 0x0000000100000000)
  region size 1024K, 5 young (5120K), 4 survivors (4096K)
 Metaspace       used 99197K, capacity 101463K, committed 101640K, reserved 1138688K
  class space    used 12610K, capacity 13421K, committed 13516K, reserved 1048576K
}
Event: 33.728 GC heap after
{Heap after GC invocations=34 (full 0):
 garbage-first heap   total 290816K, used 221995K [0x0000000080000000, 0x0000000100000000)
  region size 1024K, 1 young (1024K), 1 survivors (1024K)
 Metaspace       used 99197K, capacity 101463K, committed 101640K, reserved 1138688K
  class space    used 12610K, capacity 13421K, committed 13516K, reserved 1048576K
}
Event: 33.813 GC heap before
{Heap before GC invocations=34 (full 0):
 garbage-first heap   total 290816K, used 236331K [0x0000000080000000, 0x0000000100000000)
  region size 1024K, 15 young (15360K), 1 survivors (1024K)
 Metaspace       used 99197K, capacity 101463K, committed 101640K, reserved 1138688K
  class space    used 12610K, capacity 13421K, committed 13516K, reserved 1048576K
}
Event: 33.841 GC heap after
{Heap after GC invocations=35 (full 0):
 garbage-first heap   total 290816K, used 230165K [0x0000000080000000, 0x0000000100000000)
  region size 1024K, 2 young (2048K), 2 survivors (2048K)
 Metaspace       used 99197K, capacity 101463K, committed 101640K, reserved 1138688K
  class space    used 12610K, capacity 13421K, committed 13516K, reserved 1048576K
}
Event: 33.921 GC heap before
{Heap before GC invocations=35 (full 0):
 garbage-first heap   total 290816K, used 245525K [0x0000000080000000, 0x0000000100000000)
  region size 1024K, 14 young (14336K), 2 survivors (2048K)
 Metaspace       used 99197K, capacity 101463K, committed 101640K, reserved 1138688K
  class space    used 12610K, capacity 13421K, committed 13516K, reserved 1048576K
}
Event: 33.963 GC heap after
{Heap after GC invocations=36 (full 0):
 garbage-first heap   total 395264K, used 240306K [0x0000000080000000, 0x0000000100000000)
  region size 1024K, 2 young (2048K), 2 survivors (2048K)
 Metaspace       used 99197K, capacity 101463K, committed 101640K, reserved 1138688K
  class space    used 12610K, capacity 13421K, committed 13516K, reserved 1048576K
}
Event: 35.362 GC heap before
{Heap before GC invocations=37 (full 0):
 garbage-first heap   total 395264K, used 279218K [0x0000000080000000, 0x0000000100000000)
  region size 1024K, 42 young (43008K), 2 survivors (2048K)
 Metaspace       used 101529K, capacity 103835K, committed 103944K, reserved 1138688K
  class space    used 13063K, capacity 13933K, committed 14028K, reserved 1048576K
}
Event: 35.438 GC heap after
{Heap after GC invocations=38 (full 0):
 garbage-first heap   total 395264K, used 256292K [0x0000000080000000, 0x0000000100000000)
  region size 1024K, 6 young (6144K), 6 survivors (6144K)
 Metaspace       used 101529K, capacity 103835K, committed 103944K, reserved 1138688K
  class space    used 13063K, capacity 13933K, committed 14028K, reserved 1048576K
}
Event: 35.814 GC heap before
{Heap before GC invocations=38 (full 0):
 garbage-first heap   total 395264K, used 294180K [0x0000000080000000, 0x0000000100000000)
  region size 1024K, 43 young (44032K), 6 survivors (6144K)
 Metaspace       used 101565K, capacity 103906K, committed 104200K, reserved 1140736K
  class space    used 13065K, capacity 13934K, committed 14028K, reserved 1048576K
}
Event: 35.914 GC heap after
{Heap after GC invocations=39 (full 0):
 garbage-first heap   total 395264K, used 275456K [0x0000000080000000, 0x0000000100000000)
  region size 1024K, 6 young (6144K), 6 survivors (6144K)
 Metaspace       used 101565K, capacity 103906K, committed 104200K, reserved 1140736K
  class space    used 13065K, capacity 13934K, committed 14028K, reserved 1048576K
}
Event: 36.618 GC heap before
{Heap before GC invocations=39 (full 0):
 garbage-first heap   total 395264K, used 307200K [0x0000000080000000, 0x0000000100000000)
  region size 1024K, 37 young (37888K), 6 survivors (6144K)
 Metaspace       used 101574K, capacity 103906K, committed 104200K, reserved 1140736K
  class space    used 13065K, capacity 13934K, committed 14028K, reserved 1048576K
}
Event: 36.666 GC heap after
{Heap after GC invocations=40 (full 0):
 garbage-first heap   total 395264K, used 292864K [0x0000000080000000, 0x0000000100000000)
  region size 1024K, 5 young (5120K), 5 survivors (5120K)
 Metaspace       used 101574K, capacity 103906K, committed 104200K, reserved 1140736K
  class space    used 13065K, capacity 13934K, committed 14028K, reserved 1048576K
}
Event: 37.451 GC heap before
{Heap before GC invocations=40 (full 0):
 garbage-first heap   total 395264K, used 315392K [0x0000000080000000, 0x0000000100000000)
  region size 1024K, 30 young (30720K), 5 survivors (5120K)
 Metaspace       used 101592K, capacity 103906K, committed 104200K, reserved 1140736K
  class space    used 13065K, capacity 13934K, committed 14028K, reserved 1048576K
}

