# JRE version: OpenJDK Runtime Environment (11.0.13) (build 11.0.13+0-b1751.21-8125866)
# Java VM: OpenJDK 64-Bit Server VM (11.0.13+0-b1751.21-8125866, mixed mode, tiered, compressed oops, g1 gc, windows-amd64)
Heap:
 garbage-first heap   total 129024K, used 66436K [0x0000000082000000, 0x0000000100000000)
  region size 1024K, 48 young (49152K), 3 survivors (3072K)
 Metaspace       used 44753K, capacity 45285K, committed 45568K, reserved 1089536K
  class space    used 5319K, capacity 5533K, committed 5632K, reserved 1048576K
GC Heap History (8 events):
Event: 0.678 GC heap before
{Heap before GC invocations=0 (full 0):
 garbage-first heap   total 129024K, used 17408K [0x0000000082000000, 0x0000000100000000)
  region size 1024K, 14 young (14336K), 0 survivors (0K)
 Metaspace       used 9882K, capacity 10002K, committed 10112K, reserved 1058816K
  class space    used 829K, capacity 885K, committed 896K, reserved 1048576K
}
Event: 0.682 GC heap after
{Heap after GC invocations=1 (full 0):
 garbage-first heap   total 129024K, used 5248K [0x0000000082000000, 0x0000000100000000)
  region size 1024K, 2 young (2048K), 2 survivors (2048K)
 Metaspace       used 9882K, capacity 10002K, committed 10112K, reserved 1058816K
  class space    used 829K, capacity 885K, committed 896K, reserved 1048576K
}
Event: 1.997 GC heap before
{Heap before GC invocations=1 (full 0):
 garbage-first heap   total 129024K, used 51328K [0x0000000082000000, 0x0000000100000000)
  region size 1024K, 48 young (49152K), 2 survivors (2048K)
 Metaspace       used 20944K, capacity 21190K, committed 21248K, reserved 1069056K
  class space    used 2203K, capacity 2302K, committed 2304K, reserved 1048576K
}
Event: 2.019 GC heap after
{Heap after GC invocations=2 (full 0):
 garbage-first heap   total 129024K, used 9783K [0x0000000082000000, 0x0000000100000000)
  region size 1024K, 7 young (7168K), 7 survivors (7168K)
 Metaspace       used 20944K, capacity 21190K, committed 21248K, reserved 1069056K
  class space    used 2203K, capacity 2302K, committed 2304K, reserved 1048576K
}
Event: 5.644 GC heap before
{Heap before GC invocations=3 (full 0):
 garbage-first heap   total 129024K, used 62007K [0x0000000082000000, 0x0000000100000000)
  region size 1024K, 53 young (54272K), 7 survivors (7168K)
 Metaspace       used 31587K, capacity 31963K, committed 32256K, reserved 1077248K
  class space    used 3851K, capacity 4017K, committed 4096K, reserved 1048576K
}
Event: 5.680 GC heap after
{Heap after GC invocations=4 (full 0):
 garbage-first heap   total 129024K, used 21288K [0x0000000082000000, 0x0000000100000000)
  region size 1024K, 7 young (7168K), 7 survivors (7168K)
 Metaspace       used 31587K, capacity 31963K, committed 32256K, reserved 1077248K
  class space    used 3851K, capacity 4017K, committed 4096K, reserved 1048576K
}
Event: 6.264 GC heap before
{Heap before GC invocations=4 (full 0):
 garbage-first heap   total 129024K, used 38696K [0x0000000082000000, 0x0000000100000000)
  region size 1024K, 25 young (25600K), 7 survivors (7168K)
 Metaspace       used 35320K, capacity 35723K, committed 35840K, reserved 1081344K
  class space    used 4338K, capacity 4503K, committed 4608K, reserved 1048576K
}
Event: 6.280 GC heap after
{Heap after GC invocations=5 (full 0):
 garbage-first heap   total 129024K, used 21380K [0x0000000082000000, 0x0000000100000000)
  region size 1024K, 3 young (3072K), 3 survivors (3072K)
 Metaspace       used 35320K, capacity 35723K, committed 35840K, reserved 1081344K
  class space    used 4338K, capacity 4503K, committed 4608K, reserved 1048576K
}

